<?xml version="1.0" encoding="UTF-8"?>
<testsuite name="ru.sbt.edu.concurrency.locks.ILockTest" tests="1" skipped="0" failures="0" errors="0" timestamp="2022-02-28T19:38:16" hostname="LILIA-W10" time="0.049">
  <properties/>
  <testcase name="testLockCounter()" classname="ru.sbt.edu.concurrency.locks.ILockTest" time="0.049"/>
  <system-out><![CDATA[1
0
expected: 20000
actual:   20000
]]></system-out>
  <system-err><![CDATA[]]></system-err>
</testsuite>
